\BOOKMARK [1][-]{section.1}{\376\377\000T\000h\000e\000\040\000p\000M\000a\000t\000h\000\040\000C\000o\000m\000p\000u\000t\000e\000r\000\040\000A\000l\000g\000e\000b\000r\000a\000\040\000S\000y\000s\000t\000e\000m\000\040\000L\000i\000b\000r\000a\000r\000y}{}
\BOOKMARK [1][-]{section.2}{\376\377\000T\000o\000d\000o\000\040\000L\000i\000s\000t}{}
\BOOKMARK [1][-]{section.3}{\376\377\000D\000e\000p\000r\000e\000c\000a\000t\000e\000d\000\040\000L\000i\000s\000t}{}
\BOOKMARK [1][-]{section.4}{\376\377\000M\000o\000d\000u\000l\000e\000\040\000I\000n\000d\000e\000x}{}
\BOOKMARK [2][-]{subsection.4.1}{\376\377\000M\000o\000d\000u\000l\000e\000s}{section.4}
\BOOKMARK [1][-]{section.5}{\376\377\000D\000a\000t\000a\000\040\000S\000t\000r\000u\000c\000t\000u\000r\000e\000\040\000I\000n\000d\000e\000x}{}
\BOOKMARK [2][-]{subsection.5.1}{\376\377\000C\000l\000a\000s\000s\000\040\000H\000i\000e\000r\000a\000r\000c\000h\000y}{section.5}
\BOOKMARK [1][-]{section.6}{\376\377\000D\000a\000t\000a\000\040\000S\000t\000r\000u\000c\000t\000u\000r\000e\000\040\000I\000n\000d\000e\000x}{}
\BOOKMARK [2][-]{subsection.6.1}{\376\377\000D\000a\000t\000a\000\040\000S\000t\000r\000u\000c\000t\000u\000r\000e\000s}{section.6}
\BOOKMARK [1][-]{section.7}{\376\377\000M\000o\000d\000u\000l\000e\000\040\000D\000o\000c\000u\000m\000e\000n\000t\000a\000t\000i\000o\000n}{}
\BOOKMARK [2][-]{subsection.7.1}{\376\377\000C\000u\000s\000t\000o\000m\000\040\000O\000b\000j\000e\000c\000t\000s}{section.7}
\BOOKMARK [3][-]{subsubsection.7.1.1}{\376\377\000D\000e\000t\000a\000i\000l\000e\000d\000\040\000D\000e\000s\000c\000r\000i\000p\000t\000i\000o\000n}{subsection.7.1}
\BOOKMARK [3][-]{subsubsection.7.1.2}{\376\377\000F\000u\000n\000c\000t\000i\000o\000n\000\040\000D\000o\000c\000u\000m\000e\000n\000t\000a\000t\000i\000o\000n}{subsection.7.1}
\BOOKMARK [2][-]{subsection.7.2}{\376\377\000E\000x\000p\000r\000e\000s\000s\000i\000o\000n\000s}{section.7}
\BOOKMARK [3][-]{subsubsection.7.2.1}{\376\377\000D\000e\000t\000a\000i\000l\000e\000d\000\040\000D\000e\000s\000c\000r\000i\000p\000t\000i\000o\000n}{subsection.7.2}
\BOOKMARK [3][-]{subsubsection.7.2.2}{\376\377\000F\000u\000n\000c\000t\000i\000o\000n\000\040\000D\000o\000c\000u\000m\000e\000n\000t\000a\000t\000i\000o\000n}{subsection.7.2}
\BOOKMARK [2][-]{subsection.7.3}{\376\377\000N\000u\000m\000b\000e\000r\000s}{section.7}
\BOOKMARK [3][-]{subsubsection.7.3.1}{\376\377\000D\000e\000t\000a\000i\000l\000e\000d\000\040\000D\000e\000s\000c\000r\000i\000p\000t\000i\000o\000n}{subsection.7.3}
\BOOKMARK [3][-]{subsubsection.7.3.2}{\376\377\000F\000u\000n\000c\000t\000i\000o\000n\000\040\000D\000o\000c\000u\000m\000e\000n\000t\000a\000t\000i\000o\000n}{subsection.7.3}
\BOOKMARK [2][-]{subsection.7.4}{\376\377\000O\000b\000j\000e\000c\000t\000s\000\040\000-\000\040\000t\000h\000e\000\040\000B\000a\000s\000e\000\040\000o\000f\000\040\000p\000M\000a\000t\000h}{section.7}
\BOOKMARK [3][-]{subsubsection.7.4.1}{\376\377\000D\000e\000t\000a\000i\000l\000e\000d\000\040\000D\000e\000s\000c\000r\000i\000p\000t\000i\000o\000n}{subsection.7.4}
\BOOKMARK [3][-]{subsubsection.7.4.2}{\376\377\000D\000e\000f\000i\000n\000e\000\040\000D\000o\000c\000u\000m\000e\000n\000t\000a\000t\000i\000o\000n}{subsection.7.4}
\BOOKMARK [3][-]{subsubsection.7.4.3}{\376\377\000T\000y\000p\000e\000d\000e\000f\000\040\000D\000o\000c\000u\000m\000e\000n\000t\000a\000t\000i\000o\000n}{subsection.7.4}
\BOOKMARK [3][-]{subsubsection.7.4.4}{\376\377\000F\000u\000n\000c\000t\000i\000o\000n\000\040\000D\000o\000c\000u\000m\000e\000n\000t\000a\000t\000i\000o\000n}{subsection.7.4}
\BOOKMARK [2][-]{subsection.7.5}{\376\377\000S\000t\000r\000i\000n\000g\000s}{section.7}
\BOOKMARK [3][-]{subsubsection.7.5.1}{\376\377\000D\000e\000t\000a\000i\000l\000e\000d\000\040\000D\000e\000s\000c\000r\000i\000p\000t\000i\000o\000n}{subsection.7.5}
\BOOKMARK [3][-]{subsubsection.7.5.2}{\376\377\000D\000e\000f\000i\000n\000e\000\040\000D\000o\000c\000u\000m\000e\000n\000t\000a\000t\000i\000o\000n}{subsection.7.5}
\BOOKMARK [3][-]{subsubsection.7.5.3}{\376\377\000F\000u\000n\000c\000t\000i\000o\000n\000\040\000D\000o\000c\000u\000m\000e\000n\000t\000a\000t\000i\000o\000n}{subsection.7.5}
\BOOKMARK [2][-]{subsection.7.6}{\376\377\000S\000y\000m\000b\000o\000l\000s}{section.7}
\BOOKMARK [3][-]{subsubsection.7.6.1}{\376\377\000D\000e\000t\000a\000i\000l\000e\000d\000\040\000D\000e\000s\000c\000r\000i\000p\000t\000i\000o\000n}{subsection.7.6}
\BOOKMARK [3][-]{subsubsection.7.6.2}{\376\377\000T\000y\000p\000e\000d\000e\000f\000\040\000D\000o\000c\000u\000m\000e\000n\000t\000a\000t\000i\000o\000n}{subsection.7.6}
\BOOKMARK [3][-]{subsubsection.7.6.3}{\376\377\000E\000n\000u\000m\000e\000r\000a\000t\000i\000o\000n\000\040\000T\000y\000p\000e\000\040\000D\000o\000c\000u\000m\000e\000n\000t\000a\000t\000i\000o\000n}{subsection.7.6}
\BOOKMARK [3][-]{subsubsection.7.6.4}{\376\377\000F\000u\000n\000c\000t\000i\000o\000n\000\040\000D\000o\000c\000u\000m\000e\000n\000t\000a\000t\000i\000o\000n}{subsection.7.6}
\BOOKMARK [2][-]{subsection.7.7}{\376\377\000C\000+\000+\000\040\000B\000i\000n\000d\000i\000n\000g}{section.7}
\BOOKMARK [3][-]{subsubsection.7.7.1}{\376\377\000D\000e\000t\000a\000i\000l\000e\000d\000\040\000D\000e\000s\000c\000r\000i\000p\000t\000i\000o\000n}{subsection.7.7}
\BOOKMARK [2][-]{subsection.7.8}{\376\377\000P\000a\000r\000s\000i\000n\000g\000\040\000C\000o\000d\000e}{section.7}
\BOOKMARK [3][-]{subsubsection.7.8.1}{\376\377\000D\000e\000t\000a\000i\000l\000e\000d\000\040\000D\000e\000s\000c\000r\000i\000p\000t\000i\000o\000n}{subsection.7.8}
\BOOKMARK [3][-]{subsubsection.7.8.2}{\376\377\000E\000x\000a\000m\000p\000l\000e}{subsection.7.8}
\BOOKMARK [3][-]{subsubsection.7.8.3}{\376\377\000D\000e\000f\000i\000n\000e\000\040\000D\000o\000c\000u\000m\000e\000n\000t\000a\000t\000i\000o\000n}{subsection.7.8}
\BOOKMARK [3][-]{subsubsection.7.8.4}{\376\377\000F\000u\000n\000c\000t\000i\000o\000n\000\040\000D\000o\000c\000u\000m\000e\000n\000t\000a\000t\000i\000o\000n}{subsection.7.8}
\BOOKMARK [2][-]{subsection.7.9}{\376\377\000G\000e\000n\000e\000r\000a\000l\000\040\000P\000u\000r\000p\000o\000s\000e\000\040\000T\000y\000p\000e\000s}{section.7}
\BOOKMARK [3][-]{subsubsection.7.9.1}{\376\377\000D\000e\000t\000a\000i\000l\000e\000d\000\040\000D\000e\000s\000c\000r\000i\000p\000t\000i\000o\000n}{subsection.7.9}
\BOOKMARK [3][-]{subsubsection.7.9.2}{\376\377\000T\000y\000p\000e\000d\000e\000f\000\040\000D\000o\000c\000u\000m\000e\000n\000t\000a\000t\000i\000o\000n}{subsection.7.9}
\BOOKMARK [2][-]{subsection.7.10}{\376\377\000A\000t\000o\000m\000i\000c\000\040\000O\000p\000e\000r\000a\000t\000i\000o\000n\000s}{section.7}
\BOOKMARK [3][-]{subsubsection.7.10.1}{\376\377\000D\000e\000t\000a\000i\000l\000e\000d\000\040\000D\000e\000s\000c\000r\000i\000p\000t\000i\000o\000n}{subsection.7.10}
\BOOKMARK [3][-]{subsubsection.7.10.2}{\376\377\000N\000i\000c\000e\000\040\000t\000o\000\040\000r\000e\000a\000d\000:}{subsection.7.10}
\BOOKMARK [3][-]{subsubsection.7.10.3}{\376\377\000F\000u\000n\000c\000t\000i\000o\000n\000\040\000D\000o\000c\000u\000m\000e\000n\000t\000a\000t\000i\000o\000n}{subsection.7.10}
\BOOKMARK [2][-]{subsection.7.11}{\376\377\000T\000h\000r\000e\000a\000d\000\040\000M\000e\000s\000s\000a\000g\000i\000n\000g}{section.7}
\BOOKMARK [3][-]{subsubsection.7.11.1}{\376\377\000D\000e\000t\000a\000i\000l\000e\000d\000\040\000D\000e\000s\000c\000r\000i\000p\000t\000i\000o\000n}{subsection.7.11}
\BOOKMARK [3][-]{subsubsection.7.11.2}{\376\377\000F\000u\000n\000c\000t\000i\000o\000n\000\040\000D\000o\000c\000u\000m\000e\000n\000t\000a\000t\000i\000o\000n}{subsection.7.11}
\BOOKMARK [2][-]{subsection.7.12}{\376\377\000M\000u\000l\000t\000i\000t\000h\000r\000e\000a\000d\000i\000n\000g\000\040\000w\000i\000t\000h\000\040\000p\000M\000a\000t\000h}{section.7}
\BOOKMARK [3][-]{subsubsection.7.12.1}{\376\377\000D\000e\000t\000a\000i\000l\000e\000d\000\040\000D\000e\000s\000c\000r\000i\000p\000t\000i\000o\000n}{subsection.7.12}
\BOOKMARK [3][-]{subsubsection.7.12.2}{\376\377\000S\000y\000n\000c\000h\000r\000o\000n\000i\000z\000a\000t\000i\000o\000n}{subsection.7.12}
\BOOKMARK [3][-]{subsubsection.7.12.3}{\376\377\000F\000u\000n\000c\000t\000i\000o\000n\000\040\000D\000o\000c\000u\000m\000e\000n\000t\000a\000t\000i\000o\000n}{subsection.7.12}
\BOOKMARK [2][-]{subsection.7.13}{\376\377\000D\000e\000b\000u\000g\000g\000i\000n\000g}{section.7}
\BOOKMARK [3][-]{subsubsection.7.13.1}{\376\377\000D\000e\000t\000a\000i\000l\000e\000d\000\040\000D\000e\000s\000c\000r\000i\000p\000t\000i\000o\000n}{subsection.7.13}
\BOOKMARK [3][-]{subsubsection.7.13.2}{\376\377\000F\000u\000n\000c\000t\000i\000o\000n\000\040\000D\000o\000c\000u\000m\000e\000n\000t\000a\000t\000i\000o\000n}{subsection.7.13}
\BOOKMARK [2][-]{subsection.7.14}{\376\377\000F\000i\000l\000e\000\040\000A\000P\000I}{section.7}
\BOOKMARK [3][-]{subsubsection.7.14.1}{\376\377\000D\000e\000t\000a\000i\000l\000e\000d\000\040\000D\000e\000s\000c\000r\000i\000p\000t\000i\000o\000n}{subsection.7.14}
\BOOKMARK [3][-]{subsubsection.7.14.2}{\376\377\000E\000n\000u\000m\000e\000r\000a\000t\000i\000o\000n\000\040\000T\000y\000p\000e\000\040\000D\000o\000c\000u\000m\000e\000n\000t\000a\000t\000i\000o\000n}{subsection.7.14}
\BOOKMARK [3][-]{subsubsection.7.14.3}{\376\377\000F\000u\000n\000c\000t\000i\000o\000n\000\040\000D\000o\000c\000u\000m\000e\000n\000t\000a\000t\000i\000o\000n}{subsection.7.14}
\BOOKMARK [2][-]{subsection.7.15}{\376\377\000O\000b\000j\000e\000c\000t\000\040\000U\000t\000i\000l\000i\000t\000y\000\040\000F\000u\000n\000c\000t\000i\000o\000n\000s}{section.7}
\BOOKMARK [3][-]{subsubsection.7.15.1}{\376\377\000D\000e\000t\000a\000i\000l\000e\000d\000\040\000D\000e\000s\000c\000r\000i\000p\000t\000i\000o\000n}{subsection.7.15}
\BOOKMARK [3][-]{subsubsection.7.15.2}{\376\377\000T\000y\000p\000e\000d\000e\000f\000\040\000D\000o\000c\000u\000m\000e\000n\000t\000a\000t\000i\000o\000n}{subsection.7.15}
\BOOKMARK [3][-]{subsubsection.7.15.3}{\376\377\000F\000u\000n\000c\000t\000i\000o\000n\000\040\000D\000o\000c\000u\000m\000e\000n\000t\000a\000t\000i\000o\000n}{subsection.7.15}
\BOOKMARK [2][-]{subsection.7.16}{\376\377\000M\000e\000m\000o\000r\000y\000\040\000M\000a\000n\000a\000g\000e\000m\000e\000n\000t}{section.7}
\BOOKMARK [3][-]{subsubsection.7.16.1}{\376\377\000D\000e\000t\000a\000i\000l\000e\000d\000\040\000D\000e\000s\000c\000r\000i\000p\000t\000i\000o\000n}{subsection.7.16}
\BOOKMARK [3][-]{subsubsection.7.16.2}{\376\377\000F\000u\000n\000c\000t\000i\000o\000n\000\040\000D\000o\000c\000u\000m\000e\000n\000t\000a\000t\000i\000o\000n}{subsection.7.16}
\BOOKMARK [2][-]{subsection.7.17}{\376\377\000M\000e\000s\000s\000a\000g\000e\000s}{section.7}
\BOOKMARK [3][-]{subsubsection.7.17.1}{\376\377\000D\000e\000t\000a\000i\000l\000e\000d\000\040\000D\000e\000s\000c\000r\000i\000p\000t\000i\000o\000n}{subsection.7.17}
\BOOKMARK [3][-]{subsubsection.7.17.2}{\376\377\000F\000u\000n\000c\000t\000i\000o\000n\000\040\000D\000o\000c\000u\000m\000e\000n\000t\000a\000t\000i\000o\000n}{subsection.7.17}
\BOOKMARK [2][-]{subsection.7.18}{\376\377\000T\000h\000r\000e\000a\000d\000s\000a\000f\000e\000\040\000S\000t\000a\000c\000k\000s}{section.7}
\BOOKMARK [3][-]{subsubsection.7.18.1}{\376\377\000D\000e\000t\000a\000i\000l\000e\000d\000\040\000D\000e\000s\000c\000r\000i\000p\000t\000i\000o\000n}{subsection.7.18}
\BOOKMARK [3][-]{subsubsection.7.18.2}{\376\377\000F\000u\000n\000c\000t\000i\000o\000n\000\040\000D\000o\000c\000u\000m\000e\000n\000t\000a\000t\000i\000o\000n}{subsection.7.18}
\BOOKMARK [2][-]{subsection.7.19}{\376\377\000F\000r\000o\000n\000t\000-\000e\000n\000d\000s}{section.7}
\BOOKMARK [3][-]{subsubsection.7.19.1}{\376\377\000D\000e\000t\000a\000i\000l\000e\000d\000\040\000D\000e\000s\000c\000r\000i\000p\000t\000i\000o\000n}{subsection.7.19}
\BOOKMARK [3][-]{subsubsection.7.19.2}{\376\377\000F\000u\000n\000c\000t\000i\000o\000n\000\040\000D\000o\000c\000u\000m\000e\000n\000t\000a\000t\000i\000o\000n}{subsection.7.19}
\BOOKMARK [1][-]{section.8}{\376\377\000D\000a\000t\000a\000\040\000S\000t\000r\000u\000c\000t\000u\000r\000e\000\040\000D\000o\000c\000u\000m\000e\000n\000t\000a\000t\000i\000o\000n}{}
\BOOKMARK [2][-]{subsection.8.1}{\376\377\000p\000m\000a\000t\000h\000:\000:\000E\000x\000p\000r\000\040\000C\000l\000a\000s\000s\000\040\000R\000e\000f\000e\000r\000e\000n\000c\000e}{section.8}
\BOOKMARK [3][-]{subsubsection.8.1.1}{\376\377\000D\000e\000t\000a\000i\000l\000e\000d\000\040\000D\000e\000s\000c\000r\000i\000p\000t\000i\000o\000n}{subsection.8.1}
\BOOKMARK [3][-]{subsubsection.8.1.2}{\376\377\000M\000e\000m\000b\000e\000r\000\040\000F\000u\000n\000c\000t\000i\000o\000n\000\040\000D\000o\000c\000u\000m\000e\000n\000t\000a\000t\000i\000o\000n}{subsection.8.1}
\BOOKMARK [2][-]{subsection.8.2}{\376\377\000p\000m\000a\000t\000h\000:\000:\000G\000a\000t\000h\000e\000r\000\040\000C\000l\000a\000s\000s\000\040\000R\000e\000f\000e\000r\000e\000n\000c\000e}{section.8}
\BOOKMARK [3][-]{subsubsection.8.2.1}{\376\377\000D\000e\000t\000a\000i\000l\000e\000d\000\040\000D\000e\000s\000c\000r\000i\000p\000t\000i\000o\000n}{subsection.8.2}
\BOOKMARK [2][-]{subsection.8.3}{\376\377\000p\000m\000a\000t\000h\000\137\000b\000i\000n\000a\000r\000y\000\137\000f\000i\000l\000e\000\137\000a\000p\000i\000\137\000t\000\040\000C\000l\000a\000s\000s\000\040\000R\000e\000f\000e\000r\000e\000n\000c\000e}{section.8}
\BOOKMARK [3][-]{subsubsection.8.3.1}{\376\377\000D\000e\000t\000a\000i\000l\000e\000d\000\040\000D\000e\000s\000c\000r\000i\000p\000t\000i\000o\000n}{subsection.8.3}
\BOOKMARK [2][-]{subsection.8.4}{\376\377\000p\000m\000a\000t\000h\000\137\000c\000s\000t\000r\000\137\000w\000r\000i\000t\000e\000r\000\137\000i\000n\000f\000o\000\137\000t\000\040\000S\000t\000r\000u\000c\000t\000\040\000R\000e\000f\000e\000r\000e\000n\000c\000e}{section.8}
\BOOKMARK [3][-]{subsubsection.8.4.1}{\376\377\000D\000e\000t\000a\000i\000l\000e\000d\000\040\000D\000e\000s\000c\000r\000i\000p\000t\000i\000o\000n}{subsection.8.4}
\BOOKMARK [2][-]{subsection.8.5}{\376\377\000p\000m\000a\000t\000h\000\137\000c\000u\000s\000t\000o\000m\000\137\000t\000\040\000C\000l\000a\000s\000s\000\040\000R\000e\000f\000e\000r\000e\000n\000c\000e}{section.8}
\BOOKMARK [3][-]{subsubsection.8.5.1}{\376\377\000D\000e\000t\000a\000i\000l\000e\000d\000\040\000D\000e\000s\000c\000r\000i\000p\000t\000i\000o\000n}{subsection.8.5}
\BOOKMARK [2][-]{subsection.8.6}{\376\377\000p\000m\000a\000t\000h\000\137\000e\000x\000p\000r\000\137\000t\000\040\000C\000l\000a\000s\000s\000\040\000R\000e\000f\000e\000r\000e\000n\000c\000e}{section.8}
\BOOKMARK [3][-]{subsubsection.8.6.1}{\376\377\000D\000e\000t\000a\000i\000l\000e\000d\000\040\000D\000e\000s\000c\000r\000i\000p\000t\000i\000o\000n}{subsection.8.6}
\BOOKMARK [3][-]{subsubsection.8.6.2}{\376\377\000F\000r\000i\000e\000n\000d\000s\000\040\000A\000n\000d\000\040\000R\000e\000l\000a\000t\000e\000d\000\040\000F\000u\000n\000c\000t\000i\000o\000n\000\040\000D\000o\000c\000u\000m\000e\000n\000t\000a\000t\000i\000o\000n}{subsection.8.6}
\BOOKMARK [2][-]{subsection.8.7}{\376\377\000p\000m\000a\000t\000h\000\137\000f\000l\000o\000a\000t\000\137\000t\000\040\000C\000l\000a\000s\000s\000\040\000R\000e\000f\000e\000r\000e\000n\000c\000e}{section.8}
\BOOKMARK [3][-]{subsubsection.8.7.1}{\376\377\000D\000e\000t\000a\000i\000l\000e\000d\000\040\000D\000e\000s\000c\000r\000i\000p\000t\000i\000o\000n}{subsection.8.7}
\BOOKMARK [2][-]{subsection.8.8}{\376\377\000p\000m\000a\000t\000h\000\137\000i\000n\000t\000e\000g\000e\000r\000\137\000t\000\040\000C\000l\000a\000s\000s\000\040\000R\000e\000f\000e\000r\000e\000n\000c\000e}{section.8}
\BOOKMARK [3][-]{subsubsection.8.8.1}{\376\377\000D\000e\000t\000a\000i\000l\000e\000d\000\040\000D\000e\000s\000c\000r\000i\000p\000t\000i\000o\000n}{subsection.8.8}
\BOOKMARK [2][-]{subsection.8.9}{\376\377\000p\000m\000a\000t\000h\000\137\000m\000e\000s\000s\000a\000g\000e\000s\000\137\000t\000\040\000C\000l\000a\000s\000s\000\040\000R\000e\000f\000e\000r\000e\000n\000c\000e}{section.8}
\BOOKMARK [3][-]{subsubsection.8.9.1}{\376\377\000D\000e\000t\000a\000i\000l\000e\000d\000\040\000D\000e\000s\000c\000r\000i\000p\000t\000i\000o\000n}{subsection.8.9}
\BOOKMARK [2][-]{subsection.8.10}{\376\377\000p\000m\000a\000t\000h\000\137\000n\000u\000m\000b\000e\000r\000\137\000t\000\040\000C\000l\000a\000s\000s\000\040\000R\000e\000f\000e\000r\000e\000n\000c\000e}{section.8}
\BOOKMARK [3][-]{subsubsection.8.10.1}{\376\377\000D\000e\000t\000a\000i\000l\000e\000d\000\040\000D\000e\000s\000c\000r\000i\000p\000t\000i\000o\000n}{subsection.8.10}
\BOOKMARK [2][-]{subsection.8.11}{\376\377\000p\000m\000a\000t\000h\000\137\000q\000u\000o\000t\000i\000e\000n\000t\000\137\000t\000\040\000C\000l\000a\000s\000s\000\040\000R\000e\000f\000e\000r\000e\000n\000c\000e}{section.8}
\BOOKMARK [3][-]{subsubsection.8.11.1}{\376\377\000D\000e\000t\000a\000i\000l\000e\000d\000\040\000D\000e\000s\000c\000r\000i\000p\000t\000i\000o\000n}{subsection.8.11}
\BOOKMARK [2][-]{subsection.8.12}{\376\377\000p\000m\000a\000t\000h\000\137\000r\000a\000t\000i\000o\000n\000a\000l\000\137\000t\000\040\000C\000l\000a\000s\000s\000\040\000R\000e\000f\000e\000r\000e\000n\000c\000e}{section.8}
\BOOKMARK [3][-]{subsubsection.8.12.1}{\376\377\000D\000e\000t\000a\000i\000l\000e\000d\000\040\000D\000e\000s\000c\000r\000i\000p\000t\000i\000o\000n}{subsection.8.12}
\BOOKMARK [2][-]{subsection.8.13}{\376\377\000p\000m\000a\000t\000h\000\137\000s\000p\000a\000n\000\137\000a\000r\000r\000a\000y\000\137\000t\000\040\000C\000l\000a\000s\000s\000\040\000R\000e\000f\000e\000r\000e\000n\000c\000e}{section.8}
\BOOKMARK [3][-]{subsubsection.8.13.1}{\376\377\000D\000e\000t\000a\000i\000l\000e\000d\000\040\000D\000e\000s\000c\000r\000i\000p\000t\000i\000o\000n}{subsection.8.13}
\BOOKMARK [2][-]{subsection.8.14}{\376\377\000p\000m\000a\000t\000h\000\137\000s\000p\000a\000n\000\137\000t\000\040\000C\000l\000a\000s\000s\000\040\000R\000e\000f\000e\000r\000e\000n\000c\000e}{section.8}
\BOOKMARK [3][-]{subsubsection.8.14.1}{\376\377\000D\000e\000t\000a\000i\000l\000e\000d\000\040\000D\000e\000s\000c\000r\000i\000p\000t\000i\000o\000n}{subsection.8.14}
\BOOKMARK [2][-]{subsection.8.15}{\376\377\000p\000m\000a\000t\000h\000\137\000s\000t\000a\000c\000k\000\137\000t\000\040\000C\000l\000a\000s\000s\000\040\000R\000e\000f\000e\000r\000e\000n\000c\000e}{section.8}
\BOOKMARK [3][-]{subsubsection.8.15.1}{\376\377\000D\000e\000t\000a\000i\000l\000e\000d\000\040\000D\000e\000s\000c\000r\000i\000p\000t\000i\000o\000n}{subsection.8.15}
\BOOKMARK [2][-]{subsection.8.16}{\376\377\000p\000m\000a\000t\000h\000\137\000s\000t\000r\000i\000n\000g\000\137\000t\000\040\000C\000l\000a\000s\000s\000\040\000R\000e\000f\000e\000r\000e\000n\000c\000e}{section.8}
\BOOKMARK [3][-]{subsubsection.8.16.1}{\376\377\000D\000e\000t\000a\000i\000l\000e\000d\000\040\000D\000e\000s\000c\000r\000i\000p\000t\000i\000o\000n}{subsection.8.16}
\BOOKMARK [2][-]{subsection.8.17}{\376\377\000p\000m\000a\000t\000h\000\137\000s\000y\000m\000b\000o\000l\000\137\000t\000\040\000C\000l\000a\000s\000s\000\040\000R\000e\000f\000e\000r\000e\000n\000c\000e}{section.8}
\BOOKMARK [3][-]{subsubsection.8.17.1}{\376\377\000D\000e\000t\000a\000i\000l\000e\000d\000\040\000D\000e\000s\000c\000r\000i\000p\000t\000i\000o\000n}{subsection.8.17}
\BOOKMARK [3][-]{subsubsection.8.17.2}{\376\377\000F\000r\000i\000e\000n\000d\000s\000\040\000A\000n\000d\000\040\000R\000e\000l\000a\000t\000e\000d\000\040\000F\000u\000n\000c\000t\000i\000o\000n\000\040\000D\000o\000c\000u\000m\000e\000n\000t\000a\000t\000i\000o\000n}{subsection.8.17}
\BOOKMARK [2][-]{subsection.8.18}{\376\377\000p\000m\000a\000t\000h\000\137\000t\000\040\000C\000l\000a\000s\000s\000\040\000R\000e\000f\000e\000r\000e\000n\000c\000e}{section.8}
\BOOKMARK [3][-]{subsubsection.8.18.1}{\376\377\000D\000e\000t\000a\000i\000l\000e\000d\000\040\000D\000e\000s\000c\000r\000i\000p\000t\000i\000o\000n}{subsection.8.18}
\BOOKMARK [3][-]{subsubsection.8.18.2}{\376\377\000F\000r\000i\000e\000n\000d\000s\000\040\000A\000n\000d\000\040\000R\000e\000l\000a\000t\000e\000d\000\040\000F\000u\000n\000c\000t\000i\000o\000n\000\040\000D\000o\000c\000u\000m\000e\000n\000t\000a\000t\000i\000o\000n}{subsection.8.18}
\BOOKMARK [2][-]{subsection.8.19}{\376\377\000p\000m\000a\000t\000h\000\137\000t\000e\000x\000t\000\137\000f\000i\000l\000e\000\137\000a\000p\000i\000\137\000t\000\040\000C\000l\000a\000s\000s\000\040\000R\000e\000f\000e\000r\000e\000n\000c\000e}{section.8}
\BOOKMARK [3][-]{subsubsection.8.19.1}{\376\377\000D\000e\000t\000a\000i\000l\000e\000d\000\040\000D\000e\000s\000c\000r\000i\000p\000t\000i\000o\000n}{subsection.8.19}
\BOOKMARK [2][-]{subsection.8.20}{\376\377\000p\000m\000a\000t\000h\000\137\000t\000h\000r\000e\000a\000d\000\137\000t\000\040\000C\000l\000a\000s\000s\000\040\000R\000e\000f\000e\000r\000e\000n\000c\000e}{section.8}
\BOOKMARK [3][-]{subsubsection.8.20.1}{\376\377\000D\000e\000t\000a\000i\000l\000e\000d\000\040\000D\000e\000s\000c\000r\000i\000p\000t\000i\000o\000n}{subsection.8.20}
\BOOKMARK [3][-]{subsubsection.8.20.2}{\376\377\000F\000r\000i\000e\000n\000d\000s\000\040\000A\000n\000d\000\040\000R\000e\000l\000a\000t\000e\000d\000\040\000F\000u\000n\000c\000t\000i\000o\000n\000\040\000D\000o\000c\000u\000m\000e\000n\000t\000a\000t\000i\000o\000n}{subsection.8.20}
\BOOKMARK [2][-]{subsection.8.21}{\376\377\000p\000m\000a\000t\000h\000\137\000t\000h\000r\000e\000a\000d\000l\000o\000c\000k\000\137\000t\000\040\000C\000l\000a\000s\000s\000\040\000R\000e\000f\000e\000r\000e\000n\000c\000e}{section.8}
\BOOKMARK [3][-]{subsubsection.8.21.1}{\376\377\000D\000e\000t\000a\000i\000l\000e\000d\000\040\000D\000e\000s\000c\000r\000i\000p\000t\000i\000o\000n}{subsection.8.21}
\BOOKMARK [2][-]{subsection.8.22}{\376\377\000p\000m\000a\000t\000h\000:\000:\000S\000t\000r\000i\000n\000g\000\040\000C\000l\000a\000s\000s\000\040\000R\000e\000f\000e\000r\000e\000n\000c\000e}{section.8}
\BOOKMARK [3][-]{subsubsection.8.22.1}{\376\377\000D\000e\000t\000a\000i\000l\000e\000d\000\040\000D\000e\000s\000c\000r\000i\000p\000t\000i\000o\000n}{subsection.8.22}
